[main] INFO  com.youtube.Tests.VerifyYouTubeVideo  - Starting test execution..
[main] INFO  com.youtube.Tests.VerifyYouTubeVideo  - Browser Maximized
[main] INFO  com.youtube.Tests.VerifyYouTubeVideo  - Opening url https://www.youtube.com
[main] INFO  com.youtube.Tests.VerifyYouTubeVideo  - Starting Test : verifyTrendingVideoTest
[main] INFO  com.youtube.Tests.VerifyYouTubeVideo  - Page successfully loaded and title was YouTube
[main] INFO  com.youtube.Pages.YouTubePage  - Clicking "Explore" icon
[main] INFO  com.youtube.Pages.YouTubePage  - Getting current page url from browser..
[main] INFO  com.youtube.Tests.VerifyYouTubeVideo  - Page url: https://www.youtube.com/feed/explore
[main] INFO  com.youtube.Tests.VerifyYouTubeVideo  - "Explore" icon in left panel clicked successfully!
[main] INFO  com.youtube.Pages.YouTubePage  - Getting Title of "Trending Video" 2 listed on page..
[main] INFO  com.youtube.Tests.VerifyYouTubeVideo  - Title of second video from Trending Videos list is :  Deadpool Update
[main] INFO  com.youtube.Pages.YouTubePage  - Clicking video # 2 from "Trending Videos" list to play video..
[main] INFO  com.youtube.Pages.YouTubePage  - Get Title of video or reel playing
[main] INFO  com.youtube.Pages.YouTubePage  - Get Title of currently playing trending video..
[main] INFO  com.youtube.Tests.VerifyYouTubeVideo  - Title of currently playing video is : Deadpool Update
[main] INFO  com.youtube.Pages.YouTubePage  - Getting current page url from browser..
[main] INFO  com.youtube.Tests.VerifyYouTubeVideo  - URL of currently playing trending video is :  https://www.youtube.com/watch?v=Yd47Z8HYf0Y
[main] INFO  com.youtube.Pages.YouTubePage  - Entering search text Deadpool Update and searching video..
[main] INFO  com.youtube.Pages.YouTubePage  -  search text typed
[main] INFO  com.youtube.Pages.YouTubePage  - Getting Title of First Video in "Searched Videos" list
[main] INFO  com.youtube.Tests.VerifyYouTubeVideo  - Title of first video from searched Videos list is :  Deadpool Update, Part Hugh
[main] INFO  com.youtube.Pages.YouTubePage  - Clicking first video from "Search Results " list to play the video..
[main] INFO  com.youtube.Pages.YouTubePage  - Get Title of video or reel playing
[main] INFO  com.youtube.Pages.YouTubePage  - Get Title of currently playing trending video..
[main] INFO  com.youtube.Tests.VerifyYouTubeVideo  - Title of currently playing video is : Deadpool Update, Part Hugh
[main] INFO  com.youtube.Pages.YouTubePage  - Getting current page url from browser..
[main] INFO  com.youtube.Tests.VerifyYouTubeVideo  - Title of currently playing video is : https://www.youtube.com/watch?v=Szj1iqYanFM
[main] INFO  com.youtube.Tests.VerifyYouTubeVideo  - Closing Browser...
